0 info it worked if it ends with ok
1 verbose cli [ '/usr/bin/nodejs',
1 verbose cli   '/home/disoul/local/node/bin/npm',
1 verbose cli   '--registry=https://registry.npm.taobao.org',
1 verbose cli   'run',
1 verbose cli   'postcss' ]
2 info using npm@3.5.1
3 info using node@v4.3.2
4 verbose run-script [ 'postcss' ]
5 info lifecycle betalucky_task1_9@1.0.0~postcss: betalucky_task1_9@1.0.0
6 verbose lifecycle betalucky_task1_9@1.0.0~postcss: unsafe-perm in lifecycle true
7 verbose lifecycle betalucky_task1_9@1.0.0~postcss: PATH: /home/disoul/local/node/lib/node_modules/npm/bin/node-gyp-bin:/home/disoul/Documents/webPoj/ife-2016-spring/task1_9/node_modules/.bin:/home/disoul/Public/mongodb/bin:/home/disoul/local/npm-packages/bin:/home/disoul/local/node/bin:/home/disoul/local/bin:/home/disoul/Public/android-sdk-linux/tools:/home/disoul/Public/android-sdk-linux/platform-tools:/home/disoul/NDK/android-ndk-r9c:/usr/local/sbin:/usr/local/bin:/usr/sbin:/usr/bin:/sbin:/bin:/usr/games:/usr/local/games:/usr/local/lib/jdk1.8.0_65/bin:/usr/local/go/bin
8 verbose lifecycle betalucky_task1_9@1.0.0~postcss: CWD: /home/disoul/Documents/webPoj/ife-2016-spring/task1_9
9 silly lifecycle betalucky_task1_9@1.0.0~postcss: Args: [ '-c', 'gulp postcss:watch' ]
10 silly lifecycle betalucky_task1_9@1.0.0~postcss: Returned: code: 1  signal: null
11 info lifecycle betalucky_task1_9@1.0.0~postcss: Failed to exec postcss script
12 verbose stack Error: betalucky_task1_9@1.0.0 postcss: `gulp postcss:watch`
12 verbose stack Exit status 1
12 verbose stack     at EventEmitter.<anonymous> (/home/disoul/local/node/lib/node_modules/npm/lib/utils/lifecycle.js:232:16)
12 verbose stack     at emitTwo (events.js:87:13)
12 verbose stack     at EventEmitter.emit (events.js:172:7)
12 verbose stack     at ChildProcess.<anonymous> (/home/disoul/local/node/lib/node_modules/npm/lib/utils/spawn.js:24:14)
12 verbose stack     at emitTwo (events.js:87:13)
12 verbose stack     at ChildProcess.emit (events.js:172:7)
12 verbose stack     at maybeClose (internal/child_process.js:821:16)
12 verbose stack     at Process.ChildProcess._handle.onexit (internal/child_process.js:211:5)
13 verbose pkgid betalucky_task1_9@1.0.0
14 verbose cwd /home/disoul/Documents/webPoj/ife-2016-spring/task1_9
15 error Linux 4.2.0-30-generic
16 error argv "/usr/bin/nodejs" "/home/disoul/local/node/bin/npm" "--registry=https://registry.npm.taobao.org" "run" "postcss"
17 error node v4.3.2
18 error npm  v3.5.1
19 error code ELIFECYCLE
20 error betalucky_task1_9@1.0.0 postcss: `gulp postcss:watch`
20 error Exit status 1
21 error Failed at the betalucky_task1_9@1.0.0 postcss script 'gulp postcss:watch'.
21 error Make sure you have the latest version of node.js and npm installed.
21 error If you do, this is most likely a problem with the betalucky_task1_9 package,
21 error not with npm itself.
21 error Tell the author that this fails on your system:
21 error     gulp postcss:watch
21 error You can get information on how to open an issue for this project with:
21 error     npm bugs betalucky_task1_9
21 error Or if that isn't available, you can get their info via:
21 error     npm owner ls betalucky_task1_9
21 error There is likely additional logging output above.
22 verbose exit [ 1, true ]
